[0.022s] Invoking command in '/home/eilero/ros2_ws/src/build/first_interfaces': /usr/bin/cmake --build /home/eilero/ros2_ws/src/build/first_interfaces -- -j16 -l16
[0.074s] -- Found ament_cmake: 2.5.4 (/opt/ros/jazzy/share/ament_cmake/cmake)
[0.108s] -- Found Python3: /usr/bin/python3 (found version "3.12.3") found components: Interpreter 
[0.236s] -- Found geometry_msgs: 5.3.6 (/opt/ros/jazzy/share/geometry_msgs/cmake)
[0.275s] -- Found rosidl_generator_c: 4.6.6 (/opt/ros/jazzy/share/rosidl_generator_c/cmake)
[0.289s] -- Found rosidl_generator_cpp: 4.6.6 (/opt/ros/jazzy/share/rosidl_generator_cpp/cmake)
[0.307s] -- Using all available rosidl_typesupport_c: rosidl_typesupport_fastrtps_c;rosidl_typesupport_introspection_c
[0.328s] -- Using all available rosidl_typesupport_cpp: rosidl_typesupport_fastrtps_cpp;rosidl_typesupport_introspection_cpp
[0.394s] -- Found rosidl_default_generators: 1.6.0 (/opt/ros/jazzy/share/rosidl_default_generators/cmake)
[0.408s] -- Found rosidl_adapter: 4.6.6 (/opt/ros/jazzy/share/rosidl_adapter/cmake)
[0.411s] -- Found first_interfaces: 0.0.0 (/home/eilero/ros2_ws/src/install/first_interfaces/share/first_interfaces/cmake)
[0.463s] -- Found rclcpp: 28.1.13 (/opt/ros/jazzy/share/rclcpp/cmake)
[0.525s] -- Found rmw_implementation_cmake: 7.3.2 (/opt/ros/jazzy/share/rmw_implementation_cmake/cmake)
[0.527s] -- Found rmw_fastrtps_cpp: 8.4.3 (/opt/ros/jazzy/share/rmw_fastrtps_cpp/cmake)
[0.630s] -- Using RMW implementation 'rmw_fastrtps_cpp' as default
[0.998s] Error parsing '/home/eilero/ros2_ws/src/first_interfaces/package.xml':
[0.999s] Traceback (most recent call last):
[0.999s]   File "/opt/ros/jazzy/share/ament_cmake_core/cmake/core/package_xml_2_cmake.py", line 150, in <module>
[0.999s]     main()
[0.999s]   File "/opt/ros/jazzy/share/ament_cmake_core/cmake/core/package_xml_2_cmake.py", line 53, in main
[0.999s]     raise e
[0.999s]   File "/opt/ros/jazzy/share/ament_cmake_core/cmake/core/package_xml_2_cmake.py", line 49, in main
[0.999s]     package = parse_package_string(
[0.999s]               ^^^^^^^^^^^^^^^^^^^^^
[0.999s]   File "/usr/lib/python3/dist-packages/catkin_pkg/package.py", line 788, in parse_package_string
[1.002s]     pkg.validate(warnings=warnings)
[1.002s]   File "/usr/lib/python3/dist-packages/catkin_pkg/package.py", line 330, in validate
[1.002s]     raise InvalidPackage('\n'.join(errors), self.filename)
[1.002s] catkin_pkg.package.InvalidPackage: Error(s) in package '/home/eilero/ros2_ws/src/first_interfaces/package.xml':
[1.002s] The package "first_interfaces" must not "build_depend" on a package with the same name as this package
[1.002s] The package "first_interfaces" must not "build_export_depend" on a package with the same name as this package
[1.003s] The package "first_interfaces" must not "exec_depend" on a package with the same name as this package
[1.025s] [31mCMake Error at /opt/ros/jazzy/share/ament_cmake_core/cmake/core/ament_package_xml.cmake:95 (message):
[1.025s]   execute_process(/usr/bin/python3
[1.026s]   /opt/ros/jazzy/share/ament_cmake_core/cmake/core/package_xml_2_cmake.py
[1.026s]   /home/eilero/ros2_ws/src/first_interfaces/package.xml
[1.026s]   /home/eilero/ros2_ws/src/build/first_interfaces/ament_cmake_core/package.cmake)
[1.026s]   returned error code 1
[1.026s] Call Stack (most recent call first):
[1.026s]   /opt/ros/jazzy/share/ament_cmake_core/cmake/core/ament_package_xml.cmake:49 (_ament_package_xml)
[1.026s]   /opt/ros/jazzy/share/rosidl_cmake/cmake/rosidl_generate_interfaces.cmake:220 (ament_package_xml)
[1.026s]   CMakeLists.txt:26 (rosidl_generate_interfaces)
[1.026s] 
[1.026s] [0m
[1.027s] -- Configuring incomplete, errors occurred!
[1.041s] gmake: *** [Makefile:1355: cmake_check_build_system] Error 1
[1.045s] Invoked command in '/home/eilero/ros2_ws/src/build/first_interfaces' returned '2': /usr/bin/cmake --build /home/eilero/ros2_ws/src/build/first_interfaces -- -j16 -l16
